<?xml version="1.0" encoding="UTF-8"?>
<testng-results ignored="0" total="1" passed="1" failed="0" skipped="0">
  <reporter-output>
  </reporter-output>
  <suite started-at="2023-05-03T13:15:36 IST" name="Suite" finished-at="2023-05-03T13:15:47 IST" duration-ms="10909">
    <groups>
    </groups>
    <test started-at="2023-05-03T13:15:36 IST" name="Test" finished-at="2023-05-03T13:15:47 IST" duration-ms="10909">
      <class name="preparation._04_2023.FirstProject">
        <test-method signature="fullpro()[pri:0, instance:preparation._04_2023.FirstProject@9816741]" started-at="2023-05-03T13:15:36 IST" name="fullpro" finished-at="2023-05-03T13:15:47 IST" duration-ms="10850" status="PASS">
          <reporter-output>
          </reporter-output>
        </test-method> <!-- fullpro -->
      </class> <!-- preparation._04_2023.FirstProject -->
    </test> <!-- Test -->
  </suite> <!-- Suite -->
</testng-results>
